TN:
SF:api/index.js
FN:24,(anonymous_0)
FN:28,(anonymous_1)
FNF:2
FNH:1
FNDA:0,(anonymous_0)
FNDA:1,(anonymous_1)
DA:1,1
DA:2,1
DA:3,1
DA:4,1
DA:5,1
DA:6,1
DA:8,1
DA:10,1
DA:12,1
DA:13,1
DA:14,1
DA:16,1
DA:18,1
DA:19,1
DA:20,1
DA:24,1
DA:28,1
DA:29,1
DA:32,1
LF:19
LH:19
BRDA:16,0,0,1
BRDA:16,0,1,1
BRF:2
BRH:2
end_of_record
TN:
SF:api/server/controllers/EquipmentController.js
FNF:0
FNH:0
DA:1,1
DA:2,1
DA:4,1
DA:9,0
DA:11,0
DA:12,0
DA:14,0
DA:18,0
DA:24,0
DA:26,0
DA:30,0
DA:33,0
DA:36,0
DA:45,0
DA:50,0
DA:51,0
DA:53,0
DA:57,0
DA:66,0
DA:73,0
DA:74,0
DA:76,0
DA:80,0
DA:89,0
DA:96,0
DA:97,0
DA:99,0
DA:103,0
DA:109,1
LF:29
LH:4
BRDA:11,0,0,0
BRDA:11,0,1,0
BRDA:50,1,0,0
BRDA:50,1,1,0
BRDA:73,2,0,0
BRDA:73,2,1,0
BRDA:96,3,0,0
BRDA:96,3,1,0
BRF:8
BRH:0
end_of_record
TN:
SF:api/server/controllers/ItemController.js
FNF:0
FNH:0
DA:1,1
DA:2,1
DA:4,1
DA:9,0
DA:11,0
DA:12,0
DA:14,0
DA:18,0
DA:24,0
DA:26,0
DA:30,0
DA:33,0
DA:36,0
DA:45,0
DA:50,0
DA:51,0
DA:53,0
DA:57,0
DA:66,0
DA:73,0
DA:74,0
DA:76,0
DA:80,0
DA:89,0
DA:96,0
DA:97,0
DA:99,0
DA:103,0
DA:110,0
DA:112,0
DA:113,0
DA:115,0
DA:119,0
DA:126,0
DA:128,0
DA:129,0
DA:131,0
DA:135,0
DA:141,1
LF:39
LH:4
BRDA:11,0,0,0
BRDA:11,0,1,0
BRDA:50,1,0,0
BRDA:50,1,1,0
BRDA:73,2,0,0
BRDA:73,2,1,0
BRDA:96,3,0,0
BRDA:96,3,1,0
BRDA:112,4,0,0
BRDA:112,4,1,0
BRDA:128,5,0,0
BRDA:128,5,1,0
BRF:12
BRH:0
end_of_record
TN:
SF:api/server/controllers/PlayerController.js
FNF:0
FNH:0
DA:1,1
DA:2,1
DA:4,1
DA:9,1
DA:11,1
DA:12,1
DA:14,0
DA:18,0
DA:24,2
DA:26,1
DA:30,1
DA:33,1
DA:36,0
DA:45,1
DA:50,2
DA:51,1
DA:53,1
DA:57,0
DA:66,1
DA:73,2
DA:74,1
DA:76,1
DA:80,0
DA:89,1
DA:96,2
DA:97,1
DA:99,1
DA:103,0
DA:109,1
LF:29
LH:23
BRDA:11,0,0,1
BRDA:11,0,1,0
BRDA:50,1,0,1
BRDA:50,1,1,1
BRDA:73,2,0,1
BRDA:73,2,1,1
BRDA:96,3,0,1
BRDA:96,3,1,1
BRF:8
BRH:7
end_of_record
TN:
SF:api/server/routes/EquipmentRoutes.js
FNF:0
FNH:0
DA:1,1
DA:2,1
DA:4,1
DA:6,1
DA:7,1
DA:8,1
DA:9,1
DA:10,1
DA:12,1
LF:9
LH:9
BRF:0
BRH:0
end_of_record
TN:
SF:api/server/routes/ItemRoutes.js
FNF:0
FNH:0
DA:1,1
DA:2,1
DA:4,1
DA:6,1
DA:7,1
DA:8,1
DA:9,1
DA:10,1
DA:11,1
DA:12,1
DA:14,1
LF:11
LH:11
BRF:0
BRH:0
end_of_record
TN:
SF:api/server/routes/PlayerRoutes.js
FNF:0
FNH:0
DA:1,1
DA:2,1
DA:4,1
DA:6,1
DA:7,1
DA:8,1
DA:9,1
DA:10,1
DA:12,1
LF:9
LH:9
BRF:0
BRH:0
end_of_record
TN:
SF:api/server/services/EquipmentService.js
FNF:0
FNH:0
DA:1,1
DA:8,0
DA:67,1
LF:3
LH:2
BRF:0
BRH:0
end_of_record
TN:
SF:api/server/services/ItemService.js
FNF:0
FNH:0
DA:1,1
DA:2,1
DA:4,1
DA:11,0
DA:77,0
DA:90,0
DA:97,1
LF:7
LH:4
BRF:0
BRH:0
end_of_record
TN:
SF:api/server/services/PlayerService.js
FNF:0
FNH:0
DA:1,1
DA:8,0
DA:67,1
LF:3
LH:2
BRF:0
BRH:0
end_of_record
TN:
SF:api/server/src/migrations/20200328135629-create-item.js
FN:3,(anonymous_0)
FN:39,(anonymous_1)
FNF:2
FNH:2
FNDA:1,(anonymous_0)
FNDA:1,(anonymous_1)
DA:2,2
DA:4,1
DA:40,1
LF:3
LH:3
BRF:0
BRH:0
end_of_record
TN:
SF:api/server/src/migrations/20200328160026-create-player.js
FN:3,(anonymous_0)
FN:39,(anonymous_1)
FNF:2
FNH:2
FNDA:1,(anonymous_0)
FNDA:1,(anonymous_1)
DA:2,2
DA:4,1
DA:40,1
LF:3
LH:3
BRF:0
BRH:0
end_of_record
TN:
SF:api/server/src/migrations/20200328160232-create-equipment.js
FN:3,(anonymous_0)
FN:37,(anonymous_1)
FNF:2
FNH:2
FNDA:1,(anonymous_0)
FNDA:1,(anonymous_1)
DA:2,2
DA:4,1
DA:38,1
LF:3
LH:3
BRF:0
BRH:0
end_of_record
TN:
SF:api/server/src/models/equipment.js
FN:2,(anonymous_0)
FN:14,(anonymous_1)
FNF:2
FNH:2
FNDA:1,(anonymous_0)
FNDA:1,(anonymous_1)
DA:2,1
DA:3,1
DA:14,1
DA:17,1
LF:4
LH:4
BRF:0
BRH:0
end_of_record
TN:
SF:api/server/src/models/index.js
FN:42,(anonymous_0)
FN:46,(anonymous_1)
FN:51,(anonymous_2)
FNF:3
FNH:3
FNDA:4,(anonymous_0)
FNDA:3,(anonymous_1)
FNDA:3,(anonymous_2)
DA:1,1
DA:2,1
DA:3,1
DA:4,1
DA:6,1
DA:7,1
DA:9,1
DA:11,1
DA:13,1
DA:16,1
DA:17,0
DA:20,0
DA:35,1
DA:40,1
DA:43,4
DA:47,3
DA:48,3
DA:51,1
DA:52,3
DA:53,3
DA:57,1
DA:58,1
DA:60,1
LF:23
LH:21
BRDA:7,0,0,1
BRDA:7,0,1,0
BRDA:16,1,0,0
BRDA:16,1,1,1
BRDA:43,2,0,4
BRDA:43,2,1,4
BRDA:43,2,2,3
BRDA:52,3,0,3
BRDA:52,3,1,0
BRF:9
BRH:6
end_of_record
TN:
SF:api/server/src/models/item.js
FN:2,(anonymous_0)
FN:16,(anonymous_1)
FNF:2
FNH:2
FNDA:1,(anonymous_0)
FNDA:1,(anonymous_1)
DA:2,1
DA:3,1
DA:16,1
DA:19,1
LF:4
LH:4
BRF:0
BRH:0
end_of_record
TN:
SF:api/server/src/models/player.js
FN:2,(anonymous_0)
FN:16,(anonymous_1)
FNF:2
FNH:2
FNDA:1,(anonymous_0)
FNDA:1,(anonymous_1)
DA:2,1
DA:3,1
DA:16,1
DA:19,1
LF:4
LH:4
BRF:0
BRH:0
end_of_record
TN:
SF:api/server/utils/Utils.js
FN:2,Util
FN:9,setSuccess
FN:16,setError
FN:22,send
FNF:4
FNH:4
FNDA:3,Util
FNDA:5,setSuccess
FNDA:7,setError
FNDA:12,send
DA:2,3
DA:3,3
DA:4,3
DA:5,3
DA:6,3
DA:10,5
DA:11,5
DA:12,5
DA:13,5
DA:17,7
DA:18,7
DA:19,7
DA:23,12
DA:29,12
DA:30,5
DA:32,7
LF:16
LH:16
BRDA:29,0,0,5
BRDA:29,0,1,7
BRF:2
BRH:2
end_of_record
TN:
SF:api/test/test-player.js
FN:9,(anonymous_0)
FN:10,(anonymous_1)
FN:37,(anonymous_2)
FN:49,(anonymous_3)
FN:60,(anonymous_4)
FN:66,(anonymous_5)
FN:70,(anonymous_6)
FN:83,(anonymous_7)
FN:88,(anonymous_8)
FN:101,(anonymous_9)
FN:106,(anonymous_10)
FN:114,(anonymous_11)
FN:119,(anonymous_12)
FN:127,(anonymous_13)
FN:141,(anonymous_14)
FN:151,(anonymous_15)
FN:162,(anonymous_16)
FN:170,(anonymous_17)
FN:183,(anonymous_18)
FN:192,(anonymous_19)
FN:197,(anonymous_20)
FN:204,(anonymous_21)
FN:209,(anonymous_22)
FN:217,(anonymous_23)
FN:222,(anonymous_24)
FNF:25
FNH:25
FNDA:1,(anonymous_0)
FNDA:1,(anonymous_1)
FNDA:1,(anonymous_2)
FNDA:1,(anonymous_3)
FNDA:1,(anonymous_4)
FNDA:1,(anonymous_5)
FNDA:1,(anonymous_6)
FNDA:1,(anonymous_7)
FNDA:1,(anonymous_8)
FNDA:1,(anonymous_9)
FNDA:1,(anonymous_10)
FNDA:1,(anonymous_11)
FNDA:1,(anonymous_12)
FNDA:1,(anonymous_13)
FNDA:1,(anonymous_14)
FNDA:1,(anonymous_15)
FNDA:1,(anonymous_16)
FNDA:1,(anonymous_17)
FNDA:1,(anonymous_18)
FNDA:1,(anonymous_19)
FNDA:1,(anonymous_20)
FNDA:1,(anonymous_21)
FNDA:1,(anonymous_22)
FNDA:1,(anonymous_23)
FNDA:1,(anonymous_24)
DA:1,1
DA:2,1
DA:3,1
DA:4,1
DA:6,1
DA:7,1
DA:9,1
DA:10,1
DA:11,1
DA:33,1
DA:38,1
DA:39,1
DA:45,1
DA:49,1
DA:50,1
DA:56,1
DA:61,1
DA:62,1
DA:66,1
DA:67,1
DA:71,1
DA:72,1
DA:73,1
DA:74,1
DA:75,1
DA:76,1
DA:77,1
DA:78,1
DA:79,1
DA:83,1
DA:84,1
DA:85,1
DA:89,1
DA:90,1
DA:91,1
DA:92,1
DA:93,1
DA:94,1
DA:95,1
DA:96,1
DA:97,1
DA:101,1
DA:102,1
DA:103,1
DA:107,1
DA:108,1
DA:110,1
DA:114,1
DA:115,1
DA:116,1
DA:120,1
DA:121,1
DA:123,1
DA:127,1
DA:128,1
DA:129,1
DA:137,1
DA:142,1
DA:143,1
DA:144,1
DA:145,1
DA:146,1
DA:147,1
DA:151,1
DA:152,1
DA:153,1
DA:158,1
DA:163,1
DA:164,1
DA:166,1
DA:170,1
DA:171,1
DA:172,1
DA:179,1
DA:184,1
DA:185,1
DA:187,1
DA:192,1
DA:193,1
DA:194,1
DA:198,1
DA:199,1
DA:200,1
DA:204,1
DA:205,1
DA:206,1
DA:210,1
DA:211,1
DA:213,1
DA:217,1
DA:218,1
DA:219,1
DA:223,1
DA:224,1
DA:225,1
LF:95
LH:95
BRF:0
BRH:0
end_of_record
